\BOOKMARK [1][-]{section.1}{Summary of Conclusions and Recommendations}{}% 1
\BOOKMARK [1][-]{section.2}{Introduction}{}% 2
\BOOKMARK [2][-]{subsection.2.1}{Ball Valve Components and Operation}{section.2}% 3
\BOOKMARK [1][-]{section.3}{Initial Visual Inspection}{}% 4
\BOOKMARK [2][-]{subsection.3.1}{Valve Ball}{section.3}% 5
\BOOKMARK [2][-]{subsection.3.2}{Valve Seals}{section.3}% 6
\BOOKMARK [2][-]{subsection.3.3}{Valve Body}{section.3}% 7
\BOOKMARK [2][-]{subsection.3.4}{SEM}{section.3}% 8
\BOOKMARK [1][-]{section.4}{Analysis:CFD}{}% 9
\BOOKMARK [2][-]{subsection.4.1}{Geometry and Computational Domain}{section.4}% 10
\BOOKMARK [2][-]{subsection.4.2}{Results}{section.4}% 11
\BOOKMARK [1][-]{section.5}{Discussion}{}% 12
\BOOKMARK [2][-]{subsection.5.1}{General Erosion}{section.5}% 13
\BOOKMARK [2][-]{subsection.5.2}{Abrasion}{section.5}% 14
\BOOKMARK [2][-]{subsection.5.3}{Corrosion}{section.5}% 15
\BOOKMARK [2][-]{subsection.5.4}{Cavitation}{section.5}% 16
\BOOKMARK [1][-]{section.6}{Conclusions}{}% 17
\BOOKMARK [1][-]{section.7}{Recommendations}{}% 18
\BOOKMARK [2][-]{subsection.7.1}{Alternative Valve Selection}{section.7}% 19
\BOOKMARK [2][-]{subsection.7.2}{Economic Considerations}{section.7}% 20
\BOOKMARK [2][-]{subsection.7.3}{Safety Considerations}{section.7}% 21
\BOOKMARK [2][-]{subsection.7.4}{Valve Design}{section.7}% 22
